
Thu 14 Mar 2024 08:22:48 PM UTC: 
 exercises.c | 9 +++++++--
 1 file changed, 7 insertions(+), 2 deletions(-)
 tests:  0|7
total_score: 0/70
528277c
Thu 14 Mar 2024 08:23:58 PM UTC: 
 exercises.c | 11 ++++++++---
 1 file changed, 8 insertions(+), 3 deletions(-)
 tests:  0|7
total_score: 0/70
ef78018
Thu 14 Mar 2024 08:24:22 PM UTC: 
 exercises.c | 2 +-
 1 file changed, 1 insertion(+), 1 deletion(-)
 tests:  0|6
total_score: 10/70
8f02e17
Thu 14 Mar 2024 08:32:04 PM UTC: 
 exercises.c | 23 +++++++++++++++++++----
 1 file changed, 19 insertions(+), 4 deletions(-)
In file included from test.c:1:
exercises.c: In function ‘reverseArray’:
exercises.c:31:7: error: unused variable ‘temp’ [-Werror=unused-variable]
   31 |   int temp;
      |       ^~~~
cc1: all warnings being treated as errors
Compilation failed
f121a85
Thu 14 Mar 2024 08:36:26 PM UTC: 
 exercises.c | 9 ++++++---
 1 file changed, 6 insertions(+), 3 deletions(-)
 tests:  0|6
total_score: 10/70
f57f3a6
Thu 14 Mar 2024 08:40:02 PM UTC: 
 exercises.c | 2 +-
 1 file changed, 1 insertion(+), 1 deletion(-)
In file included from test.c:1:
exercises.c: In function ‘reverseArray’:
exercises.c:34:12: error: assignment to expression with array type
   34 |       temp = arr[i];
      |            ^
exercises.c:36:25: error: assignment to ‘int’ from ‘int *’ makes integer from pointer without a cast [-Werror=int-conversion]
   36 |       arr[size - i - 1] = temp;
      |                         ^
cc1: all warnings being treated as errors
Compilation failed
f5c6798
Thu 14 Mar 2024 08:44:12 PM UTC: 
 exercises.c | 9 ++++++---
 1 file changed, 6 insertions(+), 3 deletions(-)
 tests:  0|5
total_score: 20/70
d59860b
Thu 14 Mar 2024 08:59:36 PM UTC: 
 exercises.c | 26 +++++++++++++++++++++-----
 1 file changed, 21 insertions(+), 5 deletions(-)
In file included from test.c:1:
exercises.c: In function ‘filterEvenNumbers’:
exercises.c:53:49: error: expected ‘)’ before ‘;’ token
   53 |   int *newArr = (int *)malloc(size * sizeof(int);
      |                              ~                  ^
      |                                                 )
exercises.c:56:1: error: expected ‘,’ or ‘;’ before ‘}’ token
   56 | }
      | ^
test.c:382:5: error: ‘main’ is normally a non-static function [-Werror=main]
  382 | int main(int argc, char *argv[]) {
      |     ^~~~
test.c:410:1: error: expected declaration or statement at end of input
  410 | }
      | ^
test.c:7:6: error: unused variable ‘msg’ [-Werror=unused-variable]
    7 | char msg[300];
      |      ^~~
In file included from test.c:1:
exercises.c:53:8: error: unused variable ‘newArr’ [-Werror=unused-variable]
   53 |   int *newArr = (int *)malloc(size * sizeof(int);
      |        ^~~~~~
test.c:411: error: control reaches end of non-void function [-Werror=return-type]
At top level:
test.c:382:5: error: ‘main’ defined but not used [-Werror=unused-function]
  382 | int main(int argc, char *argv[]) {
      |     ^~~~
test.c:47:6: error: ‘readIntArray’ defined but not used [-Werror=unused-function]
   47 | void readIntArray(int arr[], int *size) {
      |      ^~~~~~~~~~~~
cc1: all warnings being treated as errors
Compilation failed
63415a9
Thu 14 Mar 2024 08:59:53 PM UTC: 
 exercises.c | 5 -----
 1 file changed, 5 deletions(-)
Thu 14 Mar 2024 08:59:58 PM UTC: 
 exercises.c | 5 -----
 1 file changed, 5 deletions(-)
Thu 14 Mar 2024 09:03:37 PM UTC: 
 exercises.c | 10 ++++------
 1 file changed, 4 insertions(+), 6 deletions(-)
test.c: In function ‘mergeSortedArrays’:
test.c:382:5: error: ‘main’ is normally a non-static function [-Werror=main]
  382 | int main(int argc, char *argv[]) {
      |     ^~~~
test.c:410:1: error: expected declaration or statement at end of input
  410 | }
      | ^
test.c:7:6: error: unused variable ‘msg’ [-Werror=unused-variable]
    7 | char msg[300];
      |      ^~~
At top level:
test.c:382:5: error: ‘main’ defined but not used [-Werror=unused-function]
  382 | int main(int argc, char *argv[]) {
      |     ^~~~
test.c:47:6: error: ‘readIntArray’ defined but not used [-Werror=unused-function]
   47 | void readIntArray(int arr[], int *size) {
      |      ^~~~~~~~~~~~
cc1: all warnings being treated as errors
Compilation failed
45e055c
Thu 14 Mar 2024 09:04:31 PM UTC: 
 exercises.c | 3 +--
 1 file changed, 1 insertion(+), 2 deletions(-)
 tests:  0|5
total_score: 20/70
c3d0846
Thu 14 Mar 2024 09:16:33 PM UTC: 
 exercises.c | 6 +++---
 1 file changed, 3 insertions(+), 3 deletions(-)
In file included from test.c:1:
exercises.c: In function ‘filterEvenNumbers’:
exercises.c:54:1: error: control reaches end of non-void function [-Werror=return-type]
   54 | }
      | ^
cc1: all warnings being treated as errors
Compilation failed
5438d02
Thu 14 Mar 2024 09:16:45 PM UTC: 
 exercises.c | 2 +-
 1 file changed, 1 insertion(+), 1 deletion(-)
 tests:  0|5
total_score: 20/70
ca77cf2
Thu 14 Mar 2024 09:18:52 PM UTC: 
 exercises.c | 2 +-
 1 file changed, 1 insertion(+), 1 deletion(-)
 tests:  0|5
total_score: 20/70
2119c20
Thu 14 Mar 2024 09:19:22 PM UTC: 
 exercises.c | 2 +-
 1 file changed, 1 insertion(+), 1 deletion(-)
 tests:  0|5
total_score: 20/70
ed70a21
Thu 14 Mar 2024 09:22:55 PM UTC: 
 exercises.c | 22 +++++++++++++++++++++-
 1 file changed, 21 insertions(+), 1 deletion(-)
 tests:  0|5
total_score: 20/70
809c253
Thu 14 Mar 2024 09:24:34 PM UTC: 
 exercises.c | 4 +++-
 1 file changed, 3 insertions(+), 1 deletion(-)
 tests:  0|5
total_score: 20/70
7397f54
Sat 16 Mar 2024 10:40:09 PM UTC: 
 exercises.c | 2 +-
 1 file changed, 1 insertion(+), 1 deletion(-)
 tests:  0|5
total_score: 20/70
00fb5d7
Sat 16 Mar 2024 10:50:09 PM UTC: 
 exercises.c | 18 ++++++++++--------
 1 file changed, 10 insertions(+), 8 deletions(-)
In file included from test.c:1:
exercises.c: In function ‘filterEvenNumbers’:
exercises.c:53:9: error: ‘newSize’ redeclared as different kind of symbol
   53 |   int (*newSize) = 0;
      |         ^~~~~~~
exercises.c:51:50: note: previous definition of ‘newSize’ with type ‘int *’
   51 | int *filterEvenNumbers(int arr[], int size, int *newSize)
      |                                             ~~~~~^~~~~~~
Compilation failed
665ffe1
Sat 16 Mar 2024 10:50:26 PM UTC: 
 exercises.c | 2 +-
 1 file changed, 1 insertion(+), 1 deletion(-)
In file included from test.c:1:
exercises.c: In function ‘filterEvenNumbers’:
exercises.c:53:8: error: ‘newSize’ redeclared as different kind of symbol
   53 |   int *newSize = 0;
      |        ^~~~~~~
exercises.c:51:50: note: previous definition of ‘newSize’ with type ‘int *’
   51 | int *filterEvenNumbers(int arr[], int size, int *newSize)
      |                                             ~~~~~^~~~~~~
Compilation failed
b799f1b
Sat 16 Mar 2024 10:50:32 PM UTC: 
 exercises.c | 2 +-
 1 file changed, 1 insertion(+), 1 deletion(-)
In file included from test.c:1:
exercises.c: In function ‘filterEvenNumbers’:
exercises.c:53:7: error: ‘newSize’ redeclared as different kind of symbol
   53 |   int newSize = 0;
      |       ^~~~~~~
exercises.c:51:50: note: previous definition of ‘newSize’ with type ‘int *’
   51 | int *filterEvenNumbers(int arr[], int size, int *newSize)
      |                                             ~~~~~^~~~~~~
exercises.c:58:10: error: invalid type argument of unary ‘*’ (have ‘int’)
   58 |         (*newSize)++;
      |          ^~~~~~~~
exercises.c:62:32: error: invalid type argument of unary ‘*’ (have ‘int’)
   62 |   int *newArr = (int *)malloc((*newSize) * sizeof(int));
      |                                ^~~~~~~~
Compilation failed
6c27d12
Sat 16 Mar 2024 10:50:51 PM UTC: 
 exercises.c | 2 +-
 1 file changed, 1 insertion(+), 1 deletion(-)
 tests:  0|4
total_score: 30/70
aa44f90
Sat 16 Mar 2024 10:58:25 PM UTC: 
 exercises.c | 2 +-
 1 file changed, 1 insertion(+), 1 deletion(-)
In file included from test.c:1:
exercises.c: In function ‘mergeSortedArrays’:
exercises.c:95:7: error: expected expression before ‘}’ token
   95 |       }
      |       ^
Compilation failed
24c79e2
Sat 16 Mar 2024 10:58:35 PM UTC: 
 exercises.c | 2 +-
 1 file changed, 1 insertion(+), 1 deletion(-)
 tests:  0|4
total_score: 30/70
50c9e9d
Sat 16 Mar 2024 11:01:41 PM UTC: 
 exercises.c | 4 ++--
 1 file changed, 2 insertions(+), 2 deletions(-)
 tests:  0|0
616f9d7
Sat 16 Mar 2024 11:04:20 PM UTC: 
 exercises.c | 17 ++++++++++++++---
 1 file changed, 14 insertions(+), 3 deletions(-)
 tests:  0|3
total_score: 40/70
ac7d522
Sat 16 Mar 2024 11:13:29 PM UTC: 
 exercises.c | 26 ++++++++++++++++++++++++--
 1 file changed, 24 insertions(+), 2 deletions(-)
In file included from test.c:1:
exercises.c: In function ‘checkSorted’:
exercises.c:124:3: error: ‘esAscendente’ undeclared (first use in this function)
  124 |   esAscendente = 1, esDescendente = 1;
      |   ^~~~~~~~~~~~
exercises.c:124:3: note: each undeclared identifier is reported only once for each function it appears in
exercises.c:124:21: error: ‘esDescendente’ undeclared (first use in this function)
  124 |   esAscendente = 1, esDescendente = 1;
      |                     ^~~~~~~~~~~~~
exercises.c:124:19: error: left-hand operand of comma expression has no effect [-Werror=unused-value]
  124 |   esAscendente = 1, esDescendente = 1;
      |                   ^
exercises.c:148:1: error: control reaches end of non-void function [-Werror=return-type]
  148 | }
      | ^
cc1: all warnings being treated as errors
Compilation failed
b770677
Sat 16 Mar 2024 11:13:41 PM UTC: 
 exercises.c | 2 +-
 1 file changed, 1 insertion(+), 1 deletion(-)
 tests:  0|2
total_score: 50/70
199853e
Sat 16 Mar 2024 11:23:50 PM UTC: 
 exercises.c | 9 +++++++--
 1 file changed, 7 insertions(+), 2 deletions(-)
In file included from test.c:1:
exercises.c: In function ‘inicializarLibro’:
exercises.c:171:3: error: too few arguments to function ‘strncpy’
  171 |   strncpy(libro->titulo, titulo);
      |   ^~~~~~~
In file included from /nix/store/4pqv2mwdn88h7xvsm7a5zplrd8sxzvw0-glibc-2.35-163-dev/include/features.h:490,
                 from /nix/store/4pqv2mwdn88h7xvsm7a5zplrd8sxzvw0-glibc-2.35-163-dev/include/ctype.h:25,
                 from exercises.c:1,
                 from test.c:1:
/nix/store/4pqv2mwdn88h7xvsm7a5zplrd8sxzvw0-glibc-2.35-163-dev/include/bits/string_fortified.h:92:1: note: declared here
   92 | __NTH (strncpy (char *__restrict __dest, const char *__restrict __src,
      | ^~~~~
In file included from test.c:1:
exercises.c:172:3: error: too few arguments to function ‘strncpy’
  172 |   strncpy(libro->autor.nombre, nombreAutor);
      |   ^~~~~~~
In file included from /nix/store/4pqv2mwdn88h7xvsm7a5zplrd8sxzvw0-glibc-2.35-163-dev/include/features.h:490,
                 from /nix/store/4pqv2mwdn88h7xvsm7a5zplrd8sxzvw0-glibc-2.35-163-dev/include/ctype.h:25,
                 from exercises.c:1,
                 from test.c:1:
/nix/store/4pqv2mwdn88h7xvsm7a5zplrd8sxzvw0-glibc-2.35-163-dev/include/bits/string_fortified.h:92:1: note: declared here
   92 | __NTH (strncpy (char *__restrict __dest, const char *__restrict __src,
      | ^~~~~
Compilation failed
e1a1ced
Sat 16 Mar 2024 11:26:49 PM UTC: 
 exercises.c | 4 ++--
 1 file changed, 2 insertions(+), 2 deletions(-)
 tests:  0|1
total_score: 60/70
fd3dca2
Sun 17 Mar 2024 12:24:40 AM UTC: 
 exercises.c | 6 +++++-
 1 file changed, 5 insertions(+), 1 deletion(-)
 tests:  0|1
total_score: 60/70
9293ddf
Sun 17 Mar 2024 12:59:30 AM UTC: 
 exercises.c | 11 ++++++++++-
 1 file changed, 10 insertions(+), 1 deletion(-)
In file included from test.c:1:
exercises.c: In function ‘crearListaEnlazada’:
exercises.c:206:10: error: incompatible types when returning type ‘Nodo’ {aka ‘struct nodo’} but ‘Nodo *’ {aka ‘struct nodo *’} was expected
  206 |   return *primerNodo;
      |          ^~~~~~~~~~~
exercises.c:207:1: error: control reaches end of non-void function [-Werror=return-type]
  207 | }
      | ^
cc1: all warnings being treated as errors
Compilation failed
ee11ceb
Sun 17 Mar 2024 01:00:26 AM UTC: 
 exercises.c | 2 +-
 1 file changed, 1 insertion(+), 1 deletion(-)
 tests:  0|1
total_score: 60/70
54e98e7
Sun 17 Mar 2024 01:08:25 AM UTC: 
 exercises.c | 13 +++++++++++++
 1 file changed, 13 insertions(+)
In file included from test.c:1:
exercises.c: In function ‘crearListaEnlazada’:
exercises.c:200:9: error: unused variable ‘temp’ [-Werror=unused-variable]
  200 |   Nodo *temp = NULL;
      |         ^~~~
exercises.c:199:9: error: unused variable ‘actual’ [-Werror=unused-variable]
  199 |   Nodo *actual = NULL;
      |         ^~~~~~
cc1: all warnings being treated as errors
Compilation failed
7147519
Sun 17 Mar 2024 01:08:56 AM UTC: 
 exercises.c | 3 +--
 1 file changed, 1 insertion(+), 2 deletions(-)
 tests:  0|1
total_score: 60/70
62ab30f
Sun 17 Mar 2024 01:13:27 AM UTC: 
 exercises.c | 13 +------------
 1 file changed, 1 insertion(+), 12 deletions(-)
In file included from test.c:1:
exercises.c: In function ‘crearListaEnlazada’:
exercises.c:205:5: error: expected ‘;’ before ‘}’ token
  205 |     }
      |     ^
Compilation failed
ca009fd
Sun 17 Mar 2024 01:13:35 AM UTC: 
 exercises.c | 2 +-
 1 file changed, 1 insertion(+), 1 deletion(-)
 tests:  0|1
total_score: 60/70
72af727
Sun 17 Mar 2024 01:16:43 AM UTC: 
 exercises.c | 7 +++++++
 1 file changed, 7 insertions(+)
In file included from test.c:1:
exercises.c: In function ‘crearListaEnlazada’:
exercises.c:206:43: error: ‘temp’ undeclared (first use in this function)
  206 |       if(primerNodo == NULL) primerNodo = temp;
      |                                           ^~~~
exercises.c:206:43: note: each undeclared identifier is reported only once for each function it appears in
Compilation failed
315ab16
Sun 17 Mar 2024 01:16:54 AM UTC: 
 exercises.c | 2 +-
 1 file changed, 1 insertion(+), 1 deletion(-)
 tests:  0|0
total_score: 70/70
1e23f8c
Sun 17 Mar 2024 01:18:36 AM UTC: 
 exercises.c | 2 +-
 1 file changed, 1 insertion(+), 1 deletion(-)
 tests:  0|0
total_score: 70/70
e3ea7d8
Sun 17 Mar 2024 01:18:42 AM UTC: 
 exercises.c | 2 +-
 1 file changed, 1 insertion(+), 1 deletion(-)
 tests:  0|0
total_score: 70/70
4ac094e
Sun 17 Mar 2024 01:19:14 AM UTC: 
 exercises.c | 2 +-
 1 file changed, 1 insertion(+), 1 deletion(-)
In file included from test.c:1:
exercises.c: In function ‘inicializarLibro’:
exercises.c:171:55: error: expected ‘)’ before ‘;’ token
  171 |   strncpy(libro->titulo, titulo, sizeof(libro->titulo);
      |          ~                                            ^
      |                                                       )
exercises.c:174:48: error: expected ‘;’ before ‘}’ token
  174 |   libro->autor.anioNacimiento = anioNacimiento;
      |                                                ^
      |                                                ;
  175 | }
      | ~                                               
Compilation failed
d398818
Sun 17 Mar 2024 01:19:36 AM UTC: 
 exercises.c | 2 +-
 1 file changed, 1 insertion(+), 1 deletion(-)
In file included from /nix/store/4pqv2mwdn88h7xvsm7a5zplrd8sxzvw0-glibc-2.35-163-dev/include/string.h:535,
                 from exercises.c:5,
                 from test.c:1:
In function ‘strncpy’,
    inlined from ‘inicializarLibro’ at exercises.c:171:3:
/nix/store/4pqv2mwdn88h7xvsm7a5zplrd8sxzvw0-glibc-2.35-163-dev/include/bits/string_fortified.h:95:10: error: ‘__builtin_strncpy’ specified bound 100 equals destination size [-Werror=stringop-truncation]
   95 |   return __builtin___strncpy_chk (__dest, __src, __len,
      |          ^~~~~~~~~~~~~~~~~~~~~~~~~~~~~~~~~~~~~~~~~~~~~~
   96 |                                   __glibc_objsize (__dest));
      |                                   ~~~~~~~~~~~~~~~~~~~~~~~~~
cc1: all warnings being treated as errors
Compilation failed
817b8da
